WARNING: Logging before flag parsing goes to stderr.
W0128 10:41:46.609495 140582725388096 deprecation_wrapper.py:119] From function_approx_batch.py:10: The name tf.set_random_seed is deprecated. Please use tf.compat.v1.set_random_seed instead.

W0128 10:41:46.634262 140582725388096 deprecation_wrapper.py:119] From function_approx_batch.py:33: The name tf.Session is deprecated. Please use tf.compat.v1.Session instead.

W0128 10:41:46.634435 140582725388096 deprecation_wrapper.py:119] From function_approx_batch.py:33: The name tf.ConfigProto is deprecated. Please use tf.compat.v1.ConfigProto instead.

2020-01-28 10:41:46.634766: I tensorflow/core/platform/cpu_feature_guard.cc:142] Your CPU supports instructions that this TensorFlow binary was not compiled to use: SSE4.1 SSE4.2 AVX AVX2 FMA
2020-01-28 10:41:46.642648: I tensorflow/core/platform/profile_utils/cpu_utils.cc:94] CPU Frequency: 2400025000 Hz
2020-01-28 10:41:46.643319: I tensorflow/compiler/xla/service/service.cc:168] XLA service 0x5579702bae60 executing computations on platform Host. Devices:
2020-01-28 10:41:46.643363: I tensorflow/compiler/xla/service/service.cc:175]   StreamExecutor device (0): <undefined>, <undefined>
2020-01-28 10:41:46.665356: I tensorflow/stream_executor/platform/default/dso_loader.cc:42] Successfully opened dynamic library libcuda.so.1
2020-01-28 10:41:46.710868: I tensorflow/core/common_runtime/gpu/gpu_device.cc:1640] Found device 0 with properties: 
name: Tesla K80 major: 3 minor: 7 memoryClockRate(GHz): 0.8235
pciBusID: 0000:08:00.0
2020-01-28 10:41:46.715631: I tensorflow/stream_executor/platform/default/dso_loader.cc:42] Successfully opened dynamic library libcudart.so.10.1
2020-01-28 10:41:46.845712: I tensorflow/stream_executor/platform/default/dso_loader.cc:42] Successfully opened dynamic library libcublas.so.10
2020-01-28 10:41:46.987053: I tensorflow/stream_executor/platform/default/dso_loader.cc:42] Successfully opened dynamic library libcufft.so.10
2020-01-28 10:41:47.013721: I tensorflow/stream_executor/platform/default/dso_loader.cc:42] Successfully opened dynamic library libcurand.so.10
2020-01-28 10:41:47.020347: I tensorflow/stream_executor/platform/default/dso_loader.cc:42] Successfully opened dynamic library libcusolver.so.10
2020-01-28 10:41:47.023896: I tensorflow/stream_executor/platform/default/dso_loader.cc:42] Successfully opened dynamic library libcusparse.so.10
2020-01-28 10:41:47.508957: I tensorflow/stream_executor/platform/default/dso_loader.cc:42] Successfully opened dynamic library libcudnn.so.7
2020-01-28 10:41:47.514552: I tensorflow/core/common_runtime/gpu/gpu_device.cc:1763] Adding visible gpu devices: 0
2020-01-28 10:41:47.514621: I tensorflow/stream_executor/platform/default/dso_loader.cc:42] Successfully opened dynamic library libcudart.so.10.1
2020-01-28 10:41:47.609544: I tensorflow/core/common_runtime/gpu/gpu_device.cc:1181] Device interconnect StreamExecutor with strength 1 edge matrix:
2020-01-28 10:41:47.609606: I tensorflow/core/common_runtime/gpu/gpu_device.cc:1187]      0 
2020-01-28 10:41:47.609624: I tensorflow/core/common_runtime/gpu/gpu_device.cc:1200] 0:   N 
2020-01-28 10:41:47.615263: I tensorflow/core/common_runtime/gpu/gpu_device.cc:1326] Created TensorFlow device (/job:localhost/replica:0/task:0/device:GPU:0 with 10805 MB memory) -> physical GPU (device: 0, name: Tesla K80, pci bus id: 0000:08:00.0, compute capability: 3.7)
2020-01-28 10:41:47.617622: I tensorflow/compiler/xla/service/service.cc:168] XLA service 0x557970cdd4c0 executing computations on platform CUDA. Devices:
2020-01-28 10:41:47.617653: I tensorflow/compiler/xla/service/service.cc:175]   StreamExecutor device (0): Tesla K80, Compute Capability 3.7
2020-01-28 10:41:47.621912: I tensorflow/core/common_runtime/direct_session.cc:296] Device mapping:
/job:localhost/replica:0/task:0/device:XLA_CPU:0 -> device: XLA_CPU device
/job:localhost/replica:0/task:0/device:GPU:0 -> device: 0, name: Tesla K80, pci bus id: 0000:08:00.0, compute capability: 3.7
/job:localhost/replica:0/task:0/device:XLA_GPU:0 -> device: XLA_GPU device

W0128 10:41:47.626754 140582725388096 deprecation_wrapper.py:119] From function_approx_batch.py:19: The name tf.random_normal is deprecated. Please use tf.random.normal instead.

W0128 10:41:47.660356 140582725388096 deprecation_wrapper.py:119] From function_approx_batch.py:49: The name tf.placeholder is deprecated. Please use tf.compat.v1.placeholder instead.

W0128 10:41:47.669786 140582725388096 deprecation_wrapper.py:119] From function_approx_batch.py:55: The name tf.train.AdamOptimizer is deprecated. Please use tf.compat.v1.train.AdamOptimizer instead.

2020-01-28 10:41:47.808078: I tensorflow/core/common_runtime/placer.cc:54] random_normal/RandomStandardNormal: (RandomStandardNormal)/job:localhost/replica:0/task:0/device:GPU:0
2020-01-28 10:41:47.808110: I tensorflow/core/common_runtime/placer.cc:54] random_normal/mul: (Mul)/job:localhost/replica:0/task:0/device:GPU:0
2020-01-28 10:41:47.808130: I tensorflow/core/common_runtime/placer.cc:54] random_normal: (Add)/job:localhost/replica:0/task:0/device:GPU:0
2020-01-28 10:41:47.808148: I tensorflow/core/common_runtime/placer.cc:54] Variable: (VariableV2)/job:localhost/replica:0/task:0/device:GPU:0
2020-01-28 10:41:47.808164: I tensorflow/core/common_runtime/placer.cc:54] Variable/Assign: (Assign)/job:localhost/replica:0/task:0/device:GPU:0
2020-01-28 10:41:47.808178: I tensorflow/core/common_runtime/placer.cc:54] Variable/read: (Identity)/job:localhost/replica:0/task:0/device:GPU:0
2020-01-28 10:41:47.808196: I tensorflow/core/common_runtime/placer.cc:54] random_normal_1/RandomStandardNormal: (RandomStandardNormal)/job:localhost/replica:0/task:0/device:GPU:0
2020-01-28 10:41:47.808214: I tensorflow/core/common_runtime/placer.cc:54] random_normal_1/mul: (Mul)/job:localhost/replica:0/task:0/device:GPU:0
2020-01-28 10:41:47.808232: I tensorflow/core/common_runtime/placer.cc:54] random_normal_1: (Add)/job:localhost/replica:0/task:0/device:GPU:0
2020-01-28 10:41:47.808249: I tensorflow/core/common_runtime/placer.cc:54] Variable_1: (VariableV2)/job:localhost/replica:0/task:0/device:GPU:0
2020-01-28 10:41:47.808264: I tensorflow/core/common_runtime/placer.cc:54] Variable_1/Assign: (Assign)/job:localhost/replica:0/task:0/device:GPU:0
2020-01-28 10:41:47.808278: I tensorflow/core/common_runtime/placer.cc:54] Variable_1/read: (Identity)/job:localhost/replica:0/task:0/device:GPU:0
2020-01-28 10:41:47.808296: I tensorflow/core/common_runtime/placer.cc:54] random_normal_2/RandomStandardNormal: (RandomStandardNormal)/job:localhost/replica:0/task:0/device:GPU:0
2020-01-28 10:41:47.808313: I tensorflow/core/common_runtime/placer.cc:54] random_normal_2/mul: (Mul)/job:localhost/replica:0/task:0/device:GPU:0
2020-01-28 10:41:47.808331: I tensorflow/core/common_runtime/placer.cc:54] random_normal_2: (Add)/job:localhost/replica:0/task:0/device:GPU:0
2020-01-28 10:41:47.808347: I tensorflow/core/common_runtime/placer.cc:54] Variable_2: (VariableV2)/job:localhost/replica:0/task:0/device:GPU:0
2020-01-28 10:41:47.808362: I tensorflow/core/common_runtime/placer.cc:54] Variable_2/Assign: (Assign)/job:localhost/replica:0/task:0/device:GPU:0
2020-01-28 10:41:47.808376: I tensorflow/core/common_runtime/placer.cc:54] Variable_2/read: (Identity)/job:localhost/replica:0/task:0/device:GPU:0
2020-01-28 10:41:47.808392: I tensorflow/core/common_runtime/placer.cc:54] Variable_3: (VariableV2)/job:localhost/replica:0/task:0/device:GPU:0
2020-01-28 10:41:47.808407: I tensorflow/core/common_runtime/placer.cc:54] Variable_3/Assign: (Assign)/job:localhost/replica:0/task:0/device:GPU:0
2020-01-28 10:41:47.808421: I tensorflow/core/common_runtime/placer.cc:54] Variable_3/read: (Identity)/job:localhost/replica:0/task:0/device:GPU:0
2020-01-28 10:41:47.808437: I tensorflow/core/common_runtime/placer.cc:54] Variable_4: (VariableV2)/job:localhost/replica:0/task:0/device:GPU:0
2020-01-28 10:41:47.808451: I tensorflow/core/common_runtime/placer.cc:54] Variable_4/Assign: (Assign)/job:localhost/replica:0/task:0/device:GPU:0
2020-01-28 10:41:47.808465: I tensorflow/core/common_runtime/placer.cc:54] Variable_4/read: (Identity)/job:localhost/replica:0/task:0/device:GPU:0
2020-01-28 10:41:47.808481: I tensorflow/core/common_runtime/placer.cc:54] Variable_5: (VariableV2)/job:localhost/replica:0/task:0/device:GPU:0
2020-01-28 10:41:47.808496: I tensorflow/core/common_runtime/placer.cc:54] Variable_5/Assign: (Assign)/job:localhost/replica:0/task:0/device:GPU:0
2020-01-28 10:41:47.808510: I tensorflow/core/common_runtime/placer.cc:54] Variable_5/read: (Identity)/job:localhost/replica:0/task:0/device:GPU:0
2020-01-28 10:41:47.808527: I tensorflow/core/common_runtime/placer.cc:54] MatMul: (MatMul)/job:localhost/replica:0/task:0/device:GPU:0
2020-01-28 10:41:47.808544: I tensorflow/core/common_runtime/placer.cc:54] Add: (Add)/job:localhost/replica:0/task:0/device:GPU:0
2020-01-28 10:41:47.808562: I tensorflow/core/common_runtime/placer.cc:54] Tanh: (Tanh)/job:localhost/replica:0/task:0/device:GPU:0
2020-01-28 10:41:47.808579: I tensorflow/core/common_runtime/placer.cc:54] MatMul_1: (MatMul)/job:localhost/replica:0/task:0/device:GPU:0
2020-01-28 10:41:47.808596: I tensorflow/core/common_runtime/placer.cc:54] Add_1: (Add)/job:localhost/replica:0/task:0/device:GPU:0
2020-01-28 10:41:47.808614: I tensorflow/core/common_runtime/placer.cc:54] Tanh_1: (Tanh)/job:localhost/replica:0/task:0/device:GPU:0
2020-01-28 10:41:47.808631: I tensorflow/core/common_runtime/placer.cc:54] MatMul_2: (MatMul)/job:localhost/replica:0/task:0/device:GPU:0
2020-01-28 10:41:47.808648: I tensorflow/core/common_runtime/placer.cc:54] Add_2: (Add)/job:localhost/replica:0/task:0/device:GPU:0
2020-01-28 10:41:47.808665: I tensorflow/core/common_runtime/placer.cc:54] sub: (Sub)/job:localhost/replica:0/task:0/device:GPU:0
2020-01-28 10:41:47.808682: I tensorflow/core/common_runtime/placer.cc:54] Square: (Square)/job:localhost/replica:0/task:0/device:GPU:0
2020-01-28 10:41:47.808699: I tensorflow/core/common_runtime/placer.cc:54] Mean: (Mean)/job:localhost/replica:0/task:0/device:GPU:0
2020-01-28 10:41:47.808717: I tensorflow/core/common_runtime/placer.cc:54] gradients/Fill: (Fill)/job:localhost/replica:0/task:0/device:GPU:0
2020-01-28 10:41:47.808735: I tensorflow/core/common_runtime/placer.cc:54] gradients/Mean_grad/Reshape: (Reshape)/job:localhost/replica:0/task:0/device:GPU:0
2020-01-28 10:41:47.808753: I tensorflow/core/common_runtime/placer.cc:54] gradients/Mean_grad/Shape: (Shape)/job:localhost/replica:0/task:0/device:GPU:0
2020-01-28 10:41:47.808771: I tensorflow/core/common_runtime/placer.cc:54] gradients/Mean_grad/Tile: (Tile)/job:localhost/replica:0/task:0/device:GPU:0
2020-01-28 10:41:47.808788: I tensorflow/core/common_runtime/placer.cc:54] gradients/Mean_grad/Shape_1: (Shape)/job:localhost/replica:0/task:0/device:GPU:0
2020-01-28 10:41:47.808813: I tensorflow/core/common_runtime/placer.cc:54] gradients/Mean_grad/Prod: (Prod)/job:localhost/replica:0/task:0/device:GPU:0
2020-01-28 10:41:47.808831: I tensorflow/core/common_runtime/placer.cc:54] gradients/Mean_grad/Prod_1: (Prod)/job:localhost/replica:0/task:0/device:GPU:0
2020-01-28 10:41:47.809490: I tensorflow/core/common_runtime/placer.cc:54] gradients/Mean_grad/Maximum: (Maximum)/job:localhost/replica:0/task:0/device:GPU:0
2020-01-28 10:41:47.809563: I tensorflow/core/common_runtime/placer.cc:54] gradients/Mean_grad/floordiv: (FloorDiv)/job:localhost/replica:0/task:0/device:GPU:0
2020-01-28 10:41:47.809601: I tensorflow/core/common_runtime/placer.cc:54] gradients/Mean_grad/Cast: (Cast)/job:localhost/replica:0/task:0/device:GPU:0
2020-01-28 10:41:47.809635: I tensorflow/core/common_runtime/placer.cc:54] gradients/Mean_grad/truediv: (RealDiv)/job:localhost/replica:0/task:0/device:GPU:0
2020-01-28 10:41:47.809668: I tensorflow/core/common_runtime/placer.cc:54] gradients/Square_grad/Mul: (Mul)/job:localhost/replica:0/task:0/device:GPU:0
2020-01-28 10:41:47.809701: I tensorflow/core/common_runtime/placer.cc:54] gradients/Square_grad/Mul_1: (Mul)/job:localhost/replica:0/task:0/device:GPU:0
2020-01-28 10:41:47.809735: I tensorflow/core/common_runtime/placer.cc:54] gradients/sub_grad/Shape: (Shape)/job:localhost/replica:0/task:0/device:GPU:0
2020-01-28 10:41:47.809768: I tensorflow/core/common_runtime/placer.cc:54] gradients/sub_grad/Shape_1: (Shape)/job:localhost/replica:0/task:0/device:GPU:0
2020-01-28 10:41:47.809829: I tensorflow/core/common_runtime/placer.cc:54] gradients/sub_grad/BroadcastGradientArgs: (BroadcastGradientArgs)/job:localhost/replica:0/task:0/device:GPU:0
2020-01-28 10:41:47.809849: I tensorflow/core/common_runtime/placer.cc:54] gradients/sub_grad/Sum: (Sum)/job:localhost/replica:0/task:0/device:GPU:0
2020-01-28 10:41:47.809866: I tensorflow/core/common_runtime/placer.cc:54] gradients/sub_grad/Reshape: (Reshape)/job:localhost/replica:0/task:0/device:GPU:0
2020-01-28 10:41:47.809884: I tensorflow/core/common_runtime/placer.cc:54] gradients/sub_grad/Sum_1: (Sum)/job:localhost/replica:0/task:0/device:GPU:0
2020-01-28 10:41:47.809901: I tensorflow/core/common_runtime/placer.cc:54] gradients/sub_grad/Neg: (Neg)/job:localhost/replica:0/task:0/device:GPU:0
2020-01-28 10:41:47.809918: I tensorflow/core/common_runtime/placer.cc:54] gradients/sub_grad/Reshape_1: (Reshape)/job:localhost/replica:0/task:0/device:GPU:0
2020-01-28 10:41:47.809936: I tensorflow/core/common_runtime/placer.cc:54] gradients/sub_grad/tuple/group_deps: (NoOp)/job:localhost/replica:0/task:0/device:GPU:0
2020-01-28 10:41:47.809951: I tensorflow/core/common_runtime/placer.cc:54] gradients/sub_grad/tuple/control_dependency: (Identity)/job:localhost/replica:0/task:0/device:GPU:0
2020-01-28 10:41:47.809966: I tensorflow/core/common_runtime/placer.cc:54] gradients/sub_grad/tuple/control_dependency_1: (Identity)/job:localhost/replica:0/task:0/device:GPU:0
2020-01-28 10:41:47.809983: I tensorflow/core/common_runtime/placer.cc:54] gradients/Add_2_grad/Shape: (Shape)/job:localhost/replica:0/task:0/device:GPU:0
2020-01-28 10:41:47.810001: I tensorflow/core/common_runtime/placer.cc:54] gradients/Add_2_grad/BroadcastGradientArgs: (BroadcastGradientArgs)/job:localhost/replica:0/task:0/device:GPU:0
2020-01-28 10:41:47.810019: I tensorflow/core/common_runtime/placer.cc:54] gradients/Add_2_grad/Sum: (Sum)/job:localhost/replica:0/task:0/device:GPU:0
2020-01-28 10:41:47.810036: I tensorflow/core/common_runtime/placer.cc:54] gradients/Add_2_grad/Reshape: (Reshape)/job:localhost/replica:0/task:0/device:GPU:0
2020-01-28 10:41:47.810053: I tensorflow/core/common_runtime/placer.cc:54] gradients/Add_2_grad/Sum_1: (Sum)/job:localhost/replica:0/task:0/device:GPU:0
2020-01-28 10:41:47.810070: I tensorflow/core/common_runtime/placer.cc:54] gradients/Add_2_grad/Reshape_1: (Reshape)/job:localhost/replica:0/task:0/device:GPU:0
2020-01-28 10:41:47.810088: I tensorflow/core/common_runtime/placer.cc:54] gradients/Add_2_grad/tuple/group_deps: (NoOp)/job:localhost/replica:0/task:0/device:GPU:0
2020-01-28 10:41:47.810102: I tensorflow/core/common_runtime/placer.cc:54] gradients/Add_2_grad/tuple/control_dependency: (Identity)/job:localhost/replica:0/task:0/device:GPU:0
2020-01-28 10:41:47.810117: I tensorflow/core/common_runtime/placer.cc:54] gradients/Add_2_grad/tuple/control_dependency_1: (Identity)/job:localhost/replica:0/task:0/device:GPU:0
2020-01-28 10:41:47.810134: I tensorflow/core/common_runtime/placer.cc:54] gradients/MatMul_2_grad/MatMul: (MatMul)/job:localhost/replica:0/task:0/device:GPU:0
2020-01-28 10:41:47.810151: I tensorflow/core/common_runtime/placer.cc:54] gradients/MatMul_2_grad/MatMul_1: (MatMul)/job:localhost/replica:0/task:0/device:GPU:0
2020-01-28 10:41:47.810168: I tensorflow/core/common_runtime/placer.cc:54] gradients/MatMul_2_grad/tuple/group_deps: (NoOp)/job:localhost/replica:0/task:0/device:GPU:0
2020-01-28 10:41:47.810183: I tensorflow/core/common_runtime/placer.cc:54] gradients/MatMul_2_grad/tuple/control_dependency: (Identity)/job:localhost/replica:0/task:0/device:GPU:0
2020-01-28 10:41:47.810198: I tensorflow/core/common_runtime/placer.cc:54] gradients/MatMul_2_grad/tuple/control_dependency_1: (Identity)/job:localhost/replica:0/task:0/device:GPU:0
2020-01-28 10:41:47.810215: I tensorflow/core/common_runtime/placer.cc:54] gradients/Tanh_1_grad/TanhGrad: (TanhGrad)/job:localhost/replica:0/task:0/device:GPU:0
2020-01-28 10:41:47.810232: I tensorflow/core/common_runtime/placer.cc:54] gradients/Add_1_grad/Shape: (Shape)/job:localhost/replica:0/task:0/device:GPU:0
2020-01-28 10:41:47.810250: I tensorflow/core/common_runtime/placer.cc:54] gradients/Add_1_grad/BroadcastGradientArgs: (BroadcastGradientArgs)/job:localhost/replica:0/task:0/device:GPU:0
2020-01-28 10:41:47.810267: I tensorflow/core/common_runtime/placer.cc:54] gradients/Add_1_grad/Sum: (Sum)/job:localhost/replica:0/task:0/device:GPU:0
2020-01-28 10:41:47.810284: I tensorflow/core/common_runtime/placer.cc:54] gradients/Add_1_grad/Reshape: (Reshape)/job:localhost/replica:0/task:0/device:GPU:0
2020-01-28 10:41:47.810302: I tensorflow/core/common_runtime/placer.cc:54] gradients/Add_1_grad/Sum_1: (Sum)/job:localhost/replica:0/task:0/device:GPU:0
2020-01-28 10:41:47.810319: I tensorflow/core/common_runtime/placer.cc:54] gradients/Add_1_grad/Reshape_1: (Reshape)/job:localhost/replica:0/task:0/device:GPU:0
2020-01-28 10:41:47.810336: I tensorflow/core/common_runtime/placer.cc:54] gradients/Add_1_grad/tuple/group_deps: (NoOp)/job:localhost/replica:0/task:0/device:GPU:0
2020-01-28 10:41:47.810351: I tensorflow/core/common_runtime/placer.cc:54] gradients/Add_1_grad/tuple/control_dependency: (Identity)/job:localhost/replica:0/task:0/device:GPU:0
2020-01-28 10:41:47.810365: I tensorflow/core/common_runtime/placer.cc:54] gradients/Add_1_grad/tuple/control_dependency_1: (Identity)/job:localhost/replica:0/task:0/device:GPU:0
2020-01-28 10:41:47.810382: I tensorflow/core/common_runtime/placer.cc:54] gradients/MatMul_1_grad/MatMul: (MatMul)/job:localhost/replica:0/task:0/device:GPU:0
2020-01-28 10:41:47.810400: I tensorflow/core/common_runtime/placer.cc:54] gradients/MatMul_1_grad/MatMul_1: (MatMul)/job:localhost/replica:0/task:0/device:GPU:0
2020-01-28 10:41:47.810417: I tensorflow/core/common_runtime/placer.cc:54] gradients/MatMul_1_grad/tuple/group_deps: (NoOp)/job:localhost/replica:0/task:0/device:GPU:0
2020-01-28 10:41:47.810431: I tensorflow/core/common_runtime/placer.cc:54] gradients/MatMul_1_grad/tuple/control_dependency: (Identity)/job:localhost/replica:0/task:0/device:GPU:0
2020-01-28 10:41:47.810446: I tensorflow/core/common_runtime/placer.cc:54] gradients/MatMul_1_grad/tuple/control_dependency_1: (Identity)/job:localhost/replica:0/task:0/device:GPU:0
2020-01-28 10:41:47.810463: I tensorflow/core/common_runtime/placer.cc:54] gradients/Tanh_grad/TanhGrad: (TanhGrad)/job:localhost/replica:0/task:0/device:GPU:0
2020-01-28 10:41:47.810481: I tensorflow/core/common_runtime/placer.cc:54] gradients/Add_grad/Shape: (Shape)/job:localhost/replica:0/task:0/device:GPU:0
2020-01-28 10:41:47.810498: I tensorflow/core/common_runtime/placer.cc:54] gradients/Add_grad/BroadcastGradientArgs: (BroadcastGradientArgs)/job:localhost/replica:0/task:0/device:GPU:0
2020-01-28 10:41:47.810516: I tensorflow/core/common_runtime/placer.cc:54] gradients/Add_grad/Sum: (Sum)/job:localhost/replica:0/task:0/device:GPU:0
2020-01-28 10:41:47.810533: I tensorflow/core/common_runtime/placer.cc:54] gradients/Add_grad/Reshape: (Reshape)/job:localhost/replica:0/task:0/device:GPU:0
2020-01-28 10:41:47.810550: I tensorflow/core/common_runtime/placer.cc:54] gradients/Add_grad/Sum_1: (Sum)/job:localhost/replica:0/task:0/device:GPU:0
2020-01-28 10:41:47.810568: I tensorflow/core/common_runtime/placer.cc:54] gradients/Add_grad/Reshape_1: (Reshape)/job:localhost/replica:0/task:0/device:GPU:0
2020-01-28 10:41:47.810585: I tensorflow/core/common_runtime/placer.cc:54] gradients/Add_grad/tuple/group_deps: (NoOp)/job:localhost/replica:0/task:0/device:GPU:0
2020-01-28 10:41:47.810600: I tensorflow/core/common_runtime/placer.cc:54] gradients/Add_grad/tuple/control_dependency: (Identity)/job:localhost/replica:0/task:0/device:GPU:0
2020-01-28 10:41:47.810614: I tensorflow/core/common_runtime/placer.cc:54] gradients/Add_grad/tuple/control_dependency_1: (Identity)/job:localhost/replica:0/task:0/device:GPU:0
2020-01-28 10:41:47.810631: I tensorflow/core/common_runtime/placer.cc:54] gradients/MatMul_grad/MatMul: (MatMul)/job:localhost/replica:0/task:0/device:GPU:0
2020-01-28 10:41:47.810649: I tensorflow/core/common_runtime/placer.cc:54] gradients/MatMul_grad/MatMul_1: (MatMul)/job:localhost/replica:0/task:0/device:GPU:0
2020-01-28 10:41:47.810666: I tensorflow/core/common_runtime/placer.cc:54] gradients/MatMul_grad/tuple/group_deps: (NoOp)/job:localhost/replica:0/task:0/device:GPU:0
2020-01-28 10:41:47.810681: I tensorflow/core/common_runtime/placer.cc:54] gradients/MatMul_grad/tuple/control_dependency: (Identity)/job:localhost/replica:0/task:0/device:GPU:0
2020-01-28 10:41:47.810696: I tensorflow/core/common_runtime/placer.cc:54] gradients/MatMul_grad/tuple/control_dependency_1: (Identity)/job:localhost/replica:0/task:0/device:GPU:0
2020-01-28 10:41:47.810710: I tensorflow/core/common_runtime/placer.cc:54] beta1_power: (VariableV2)/job:localhost/replica:0/task:0/device:GPU:0
2020-01-28 10:41:47.810724: I tensorflow/core/common_runtime/placer.cc:54] beta1_power/Assign: (Assign)/job:localhost/replica:0/task:0/device:GPU:0
2020-01-28 10:41:47.810737: I tensorflow/core/common_runtime/placer.cc:54] beta1_power/read: (Identity)/job:localhost/replica:0/task:0/device:GPU:0
2020-01-28 10:41:47.810751: I tensorflow/core/common_runtime/placer.cc:54] beta2_power: (VariableV2)/job:localhost/replica:0/task:0/device:GPU:0
2020-01-28 10:41:47.810764: I tensorflow/core/common_runtime/placer.cc:54] beta2_power/Assign: (Assign)/job:localhost/replica:0/task:0/device:GPU:0
2020-01-28 10:41:47.810778: I tensorflow/core/common_runtime/placer.cc:54] beta2_power/read: (Identity)/job:localhost/replica:0/task:0/device:GPU:0
2020-01-28 10:41:47.810791: I tensorflow/core/common_runtime/placer.cc:54] Variable/Adam: (VariableV2)/job:localhost/replica:0/task:0/device:GPU:0
2020-01-28 10:41:47.810809: I tensorflow/core/common_runtime/placer.cc:54] Variable/Adam/Assign: (Assign)/job:localhost/replica:0/task:0/device:GPU:0
2020-01-28 10:41:47.810823: I tensorflow/core/common_runtime/placer.cc:54] Variable/Adam/read: (Identity)/job:localhost/replica:0/task:0/device:GPU:0
2020-01-28 10:41:47.810837: I tensorflow/core/common_runtime/placer.cc:54] Variable/Adam_1: (VariableV2)/job:localhost/replica:0/task:0/device:GPU:0
2020-01-28 10:41:47.810850: I tensorflow/core/common_runtime/placer.cc:54] Variable/Adam_1/Assign: (Assign)/job:localhost/replica:0/task:0/device:GPU:0
2020-01-28 10:41:47.810864: I tensorflow/core/common_runtime/placer.cc:54] Variable/Adam_1/read: (Identity)/job:localhost/replica:0/task:0/device:GPU:0
2020-01-28 10:41:47.810877: I tensorflow/core/common_runtime/placer.cc:54] Variable_1/Adam: (VariableV2)/job:localhost/replica:0/task:0/device:GPU:0
2020-01-28 10:41:47.810891: I tensorflow/core/common_runtime/placer.cc:54] Variable_1/Adam/Assign: (Assign)/job:localhost/replica:0/task:0/device:GPU:0
2020-01-28 10:41:47.810904: I tensorflow/core/common_runtime/placer.cc:54] Variable_1/Adam/read: (Identity)/job:localhost/replica:0/task:0/device:GPU:0
2020-01-28 10:41:47.810917: I tensorflow/core/common_runtime/placer.cc:54] Variable_1/Adam_1: (VariableV2)/job:localhost/replica:0/task:0/device:GPU:0
2020-01-28 10:41:47.810931: I tensorflow/core/common_runtime/placer.cc:54] Variable_1/Adam_1/Assign: (Assign)/job:localhost/replica:0/task:0/device:GPU:0
2020-01-28 10:41:47.810944: I tensorflow/core/common_runtime/placer.cc:54] Variable_1/Adam_1/read: (Identity)/job:localhost/replica:0/task:0/device:GPU:0
2020-01-28 10:41:47.810959: I tensorflow/core/common_runtime/placer.cc:54] Variable_2/Adam: (VariableV2)/job:localhost/replica:0/task:0/device:GPU:0
2020-01-28 10:41:47.810972: I tensorflow/core/common_runtime/placer.cc:54] Variable_2/Adam/Assign: (Assign)/job:localhost/replica:0/task:0/device:GPU:0
2020-01-28 10:41:47.810986: I tensorflow/core/common_runtime/placer.cc:54] Variable_2/Adam/read: (Identity)/job:localhost/replica:0/task:0/device:GPU:0
2020-01-28 10:41:47.810999: I tensorflow/core/common_runtime/placer.cc:54] Variable_2/Adam_1: (VariableV2)/job:localhost/replica:0/task:0/device:GPU:0
2020-01-28 10:41:47.811013: I tensorflow/core/common_runtime/placer.cc:54] Variable_2/Adam_1/Assign: (Assign)/job:localhost/replica:0/task:0/device:GPU:0
2020-01-28 10:41:47.811026: I tensorflow/core/common_runtime/placer.cc:54] Variable_2/Adam_1/read: (Identity)/job:localhost/replica:0/task:0/device:GPU:0
2020-01-28 10:41:47.811039: I tensorflow/core/common_runtime/placer.cc:54] Variable_3/Adam: (VariableV2)/job:localhost/replica:0/task:0/device:GPU:0
2020-01-28 10:41:47.811053: I tensorflow/core/common_runtime/placer.cc:54] Variable_3/Adam/Assign: (Assign)/job:localhost/replica:0/task:0/device:GPU:0
2020-01-28 10:41:47.811066: I tensorflow/core/common_runtime/placer.cc:54] Variable_3/Adam/read: (Identity)/job:localhost/replica:0/task:0/device:GPU:0
2020-01-28 10:41:47.811080: I tensorflow/core/common_runtime/placer.cc:54] Variable_3/Adam_1: (VariableV2)/job:localhost/replica:0/task:0/device:GPU:0
2020-01-28 10:41:47.811093: I tensorflow/core/common_runtime/placer.cc:54] Variable_3/Adam_1/Assign: (Assign)/job:localhost/replica:0/task:0/device:GPU:0
2020-01-28 10:41:47.811106: I tensorflow/core/common_runtime/placer.cc:54] Variable_3/Adam_1/read: (Identity)/job:localhost/replica:0/task:0/device:GPU:0
2020-01-28 10:41:47.811120: I tensorflow/core/common_runtime/placer.cc:54] Variable_4/Adam: (VariableV2)/job:localhost/replica:0/task:0/device:GPU:0
2020-01-28 10:41:47.811133: I tensorflow/core/common_runtime/placer.cc:54] Variable_4/Adam/Assign: (Assign)/job:localhost/replica:0/task:0/device:GPU:0
2020-01-28 10:41:47.811147: I tensorflow/core/common_runtime/placer.cc:54] Variable_4/Adam/read: (Identity)/job:localhost/replica:0/task:0/device:GPU:0
2020-01-28 10:41:47.811160: I tensorflow/core/common_runtime/placer.cc:54] Variable_4/Adam_1: (VariableV2)/job:localhost/replica:0/task:0/device:GPU:0
2020-01-28 10:41:47.811173: I tensorflow/core/common_runtime/placer.cc:54] Variable_4/Adam_1/Assign: (Assign)/job:localhost/replica:0/task:0/device:GPU:0
2020-01-28 10:41:47.811186: I tensorflow/core/common_runtime/placer.cc:54] Variable_4/Adam_1/read: (Identity)/job:localhost/replica:0/task:0/device:GPU:0
2020-01-28 10:41:47.811200: I tensorflow/core/common_runtime/placer.cc:54] Variable_5/Adam: (VariableV2)/job:localhost/replica:0/task:0/device:GPU:0
2020-01-28 10:41:47.811213: I tensorflow/core/common_runtime/placer.cc:54] Variable_5/Adam/Assign: (Assign)/job:localhost/replica:0/task:0/device:GPU:0
2020-01-28 10:41:47.811227: I tensorflow/core/common_runtime/placer.cc:54] Variable_5/Adam/read: (Identity)/job:localhost/replica:0/task:0/device:GPU:0
2020-01-28 10:41:47.811240: I tensorflow/core/common_runtime/placer.cc:54] Variable_5/Adam_1: (VariableV2)/job:localhost/replica:0/task:0/device:GPU:0
2020-01-28 10:41:47.811254: I tensorflow/core/common_runtime/placer.cc:54] Variable_5/Adam_1/Assign: (Assign)/job:localhost/replica:0/task:0/device:GPU:0
2020-01-28 10:41:47.811267: I tensorflow/core/common_runtime/placer.cc:54] Variable_5/Adam_1/read: (Identity)/job:localhost/replica:0/task:0/device:GPU:0
2020-01-28 10:41:47.811280: I tensorflow/core/common_runtime/placer.cc:54] Adam/update_Variable/ApplyAdam: (ApplyAdam)/job:localhost/replica:0/task:0/device:GPU:0
2020-01-28 10:41:47.811294: I tensorflow/core/common_runtime/placer.cc:54] Adam/update_Variable_1/ApplyAdam: (ApplyAdam)/job:localhost/replica:0/task:0/device:GPU:0
2020-01-28 10:41:47.811307: I tensorflow/core/common_runtime/placer.cc:54] Adam/update_Variable_2/ApplyAdam: (ApplyAdam)/job:localhost/replica:0/task:0/device:GPU:0
2020-01-28 10:41:47.811320: I tensorflow/core/common_runtime/placer.cc:54] Adam/update_Variable_3/ApplyAdam: (ApplyAdam)/job:localhost/replica:0/task:0/device:GPU:0
2020-01-28 10:41:47.811333: I tensorflow/core/common_runtime/placer.cc:54] Adam/update_Variable_4/ApplyAdam: (ApplyAdam)/job:localhost/replica:0/task:0/device:GPU:0
2020-01-28 10:41:47.811347: I tensorflow/core/common_runtime/placer.cc:54] Adam/update_Variable_5/ApplyAdam: (ApplyAdam)/job:localhost/replica:0/task:0/device:GPU:0
2020-01-28 10:41:47.811360: I tensorflow/core/common_runtime/placer.cc:54] Adam/mul: (Mul)/job:localhost/replica:0/task:0/device:GPU:0
2020-01-28 10:41:47.811373: I tensorflow/core/common_runtime/placer.cc:54] Adam/Assign: (Assign)/job:localhost/replica:0/task:0/device:GPU:0
2020-01-28 10:41:47.811386: I tensorflow/core/common_runtime/placer.cc:54] Adam/mul_1: (Mul)/job:localhost/replica:0/task:0/device:GPU:0
2020-01-28 10:41:47.811400: I tensorflow/core/common_runtime/placer.cc:54] Adam/Assign_1: (Assign)/job:localhost/replica:0/task:0/device:GPU:0
2020-01-28 10:41:47.811417: I tensorflow/core/common_runtime/placer.cc:54] Adam: (NoOp)/job:localhost/replica:0/task:0/device:GPU:0
2020-01-28 10:41:47.811434: I tensorflow/core/common_runtime/placer.cc:54] init: (NoOp)/job:localhost/replica:0/task:0/device:GPU:0
2020-01-28 10:41:47.811452: I tensorflow/core/common_runtime/placer.cc:54] random_normal/shape: (Const)/job:localhost/replica:0/task:0/device:GPU:0
2020-01-28 10:41:47.811469: I tensorflow/core/common_runtime/placer.cc:54] random_normal/mean: (Const)/job:localhost/replica:0/task:0/device:GPU:0
2020-01-28 10:41:47.811487: I tensorflow/core/common_runtime/placer.cc:54] random_normal/stddev: (Const)/job:localhost/replica:0/task:0/device:GPU:0
2020-01-28 10:41:47.811504: I tensorflow/core/common_runtime/placer.cc:54] random_normal_1/shape: (Const)/job:localhost/replica:0/task:0/device:GPU:0
2020-01-28 10:41:47.811521: I tensorflow/core/common_runtime/placer.cc:54] random_normal_1/mean: (Const)/job:localhost/replica:0/task:0/device:GPU:0
2020-01-28 10:41:47.811538: I tensorflow/core/common_runtime/placer.cc:54] random_normal_1/stddev: (Const)/job:localhost/replica:0/task:0/device:GPU:0
2020-01-28 10:41:47.811555: I tensorflow/core/common_runtime/placer.cc:54] random_normal_2/shape: (Const)/job:localhost/replica:0/task:0/device:GPU:0
2020-01-28 10:41:47.811572: I tensorflow/core/common_runtime/placer.cc:54] random_normal_2/mean: (Const)/job:localhost/replica:0/task:0/device:GPU:0
2020-01-28 10:41:47.811589: I tensorflow/core/common_runtime/placer.cc:54] random_normal_2/stddev: (Const)/job:localhost/replica:0/task:0/device:GPU:0
2020-01-28 10:41:47.811606: I tensorflow/core/common_runtime/placer.cc:54] zeros: (Const)/job:localhost/replica:0/task:0/device:GPU:0
2020-01-28 10:41:47.811623: I tensorflow/core/common_runtime/placer.cc:54] zeros_1: (Const)/job:localhost/replica:0/task:0/device:GPU:0
2020-01-28 10:41:47.811640: I tensorflow/core/common_runtime/placer.cc:54] zeros_2: (Const)/job:localhost/replica:0/task:0/device:GPU:0
2020-01-28 10:41:47.811657: I tensorflow/core/common_runtime/placer.cc:54] serial_x: (Placeholder)/job:localhost/replica:0/task:0/device:GPU:0
2020-01-28 10:41:47.811674: I tensorflow/core/common_runtime/placer.cc:54] serial_y: (Placeholder)/job:localhost/replica:0/task:0/device:GPU:0
2020-01-28 10:41:47.811692: I tensorflow/core/common_runtime/placer.cc:54] Const: (Const)/job:localhost/replica:0/task:0/device:GPU:0
2020-01-28 10:41:47.811709: I tensorflow/core/common_runtime/placer.cc:54] gradients/Shape: (Const)/job:localhost/replica:0/task:0/device:GPU:0
2020-01-28 10:41:47.811726: I tensorflow/core/common_runtime/placer.cc:54] gradients/grad_ys_0: (Const)/job:localhost/replica:0/task:0/device:GPU:0
2020-01-28 10:41:47.811743: I tensorflow/core/common_runtime/placer.cc:54] gradients/Mean_grad/Reshape/shape: (Const)/job:localhost/replica:0/task:0/device:GPU:0
2020-01-28 10:41:47.811760: I tensorflow/core/common_runtime/placer.cc:54] gradients/Mean_grad/Shape_2: (Const)/job:localhost/replica:0/task:0/device:GPU:0
2020-01-28 10:41:47.811777: I tensorflow/core/common_runtime/placer.cc:54] gradients/Mean_grad/Const: (Const)/job:localhost/replica:0/task:0/device:GPU:0
2020-01-28 10:41:47.811794: I tensorflow/core/common_runtime/placer.cc:54] gradients/Mean_grad/Const_1: (Const)/job:localhost/replica:0/task:0/device:GPU:0
2020-01-28 10:41:47.811817: I tensorflow/core/common_runtime/placer.cc:54] gradients/Mean_grad/Maximum/y: (Const)/job:localhost/replica:0/task:0/device:GPU:0
2020-01-28 10:41:47.811835: I tensorflow/core/common_runtime/placer.cc:54] gradients/Square_grad/Const: (Const)/job:localhost/replica:0/task:0/device:GPU:0
2020-01-28 10:41:47.811853: I tensorflow/core/common_runtime/placer.cc:54] gradients/Add_2_grad/Shape_1: (Const)/job:localhost/replica:0/task:0/device:GPU:0
2020-01-28 10:41:47.811870: I tensorflow/core/common_runtime/placer.cc:54] gradients/Add_1_grad/Shape_1: (Const)/job:localhost/replica:0/task:0/device:GPU:0
2020-01-28 10:41:47.811887: I tensorflow/core/common_runtime/placer.cc:54] gradients/Add_grad/Shape_1: (Const)/job:localhost/replica:0/task:0/device:GPU:0
2020-01-28 10:41:47.811901: I tensorflow/core/common_runtime/placer.cc:54] beta1_power/initial_value: (Const)/job:localhost/replica:0/task:0/device:GPU:0
2020-01-28 10:41:47.811915: I tensorflow/core/common_runtime/placer.cc:54] beta2_power/initial_value: (Const)/job:localhost/replica:0/task:0/device:GPU:0
2020-01-28 10:41:47.811928: I tensorflow/core/common_runtime/placer.cc:54] Variable/Adam/Initializer/zeros: (Const)/job:localhost/replica:0/task:0/device:GPU:0
2020-01-28 10:41:47.811942: I tensorflow/core/common_runtime/placer.cc:54] Variable/Adam_1/Initializer/zeros: (Const)/job:localhost/replica:0/task:0/device:GPU:0
2020-01-28 10:41:47.811955: I tensorflow/core/common_runtime/placer.cc:54] Variable_1/Adam/Initializer/zeros: (Const)/job:localhost/replica:0/task:0/device:GPU:0
2020-01-28 10:41:47.811968: I tensorflow/core/common_runtime/placer.cc:54] Variable_1/Adam_1/Initializer/zeros: (Const)/job:localhost/replica:0/task:0/device:GPU:0
2020-01-28 10:41:47.811982: I tensorflow/core/common_runtime/placer.cc:54] Variable_2/Adam/Initializer/zeros: (Const)/job:localhost/replica:0/task:0/device:GPU:0
2020-01-28 10:41:47.811995: I tensorflow/core/common_runtime/placer.cc:54] Variable_2/Adam_1/Initializer/zeros: (Const)/job:localhost/replica:0/task:0/device:GPU:0
2020-01-28 10:41:47.812009: I tensorflow/core/common_runtime/placer.cc:54] Variable_3/Adam/Initializer/zeros: (Const)/job:localhost/replica:0/task:0/device:GPU:0
2020-01-28 10:41:47.812022: I tensorflow/core/common_runtime/placer.cc:54] Variable_3/Adam_1/Initializer/zeros: (Const)/job:localhost/replica:0/task:0/device:GPU:0
2020-01-28 10:41:47.812035: I tensorflow/core/common_runtime/placer.cc:54] Variable_4/Adam/Initializer/zeros: (Const)/job:localhost/replica:0/task:0/device:GPU:0
2020-01-28 10:41:47.812049: I tensorflow/core/common_runtime/placer.cc:54] Variable_4/Adam_1/Initializer/zeros: (Const)/job:localhost/replica:0/task:0/device:GPU:0
2020-01-28 10:41:47.812062: I tensorflow/core/common_runtime/placer.cc:54] Variable_5/Adam/Initializer/zeros: (Const)/job:localhost/replica:0/task:0/device:GPU:0
2020-01-28 10:41:47.812076: I tensorflow/core/common_runtime/placer.cc:54] Variable_5/Adam_1/Initializer/zeros: (Const)/job:localhost/replica:0/task:0/device:GPU:0
2020-01-28 10:41:47.812093: I tensorflow/core/common_runtime/placer.cc:54] Adam/learning_rate: (Const)/job:localhost/replica:0/task:0/device:GPU:0
2020-01-28 10:41:47.812111: I tensorflow/core/common_runtime/placer.cc:54] Adam/beta1: (Const)/job:localhost/replica:0/task:0/device:GPU:0
2020-01-28 10:41:47.812128: I tensorflow/core/common_runtime/placer.cc:54] Adam/beta2: (Const)/job:localhost/replica:0/task:0/device:GPU:0
2020-01-28 10:41:47.812145: I tensorflow/core/common_runtime/placer.cc:54] Adam/epsilon: (Const)/job:localhost/replica:0/task:0/device:GPU:0
2020-01-28 10:41:48.596280: I tensorflow/stream_executor/platform/default/dso_loader.cc:42] Successfully opened dynamic library libcublas.so.10
function_approx_batch.py:99: UserWarning: Matplotlib is currently using agg, which is a non-GUI backend, so cannot show the figure.
  plt.show()
function_approx_batch.py:107: UserWarning: Matplotlib is currently using agg, which is a non-GUI backend, so cannot show the figure.
  plt.show()
