WARNING: Logging before flag parsing goes to stderr.
W0128 10:20:24.967298 139955354576704 deprecation_wrapper.py:119] From function_approx_batch.py:10: The name tf.set_random_seed is deprecated. Please use tf.compat.v1.set_random_seed instead.

W0128 10:20:24.991283 139955354576704 deprecation_wrapper.py:119] From function_approx_batch.py:33: The name tf.Session is deprecated. Please use tf.compat.v1.Session instead.

W0128 10:20:24.991462 139955354576704 deprecation_wrapper.py:119] From function_approx_batch.py:33: The name tf.ConfigProto is deprecated. Please use tf.compat.v1.ConfigProto instead.

2020-01-28 10:20:24.991825: I tensorflow/core/platform/cpu_feature_guard.cc:142] Your CPU supports instructions that this TensorFlow binary was not compiled to use: SSE4.1 SSE4.2 AVX AVX2 FMA
2020-01-28 10:20:24.999913: I tensorflow/core/platform/profile_utils/cpu_utils.cc:94] CPU Frequency: 2400025000 Hz
2020-01-28 10:20:25.000550: I tensorflow/compiler/xla/service/service.cc:168] XLA service 0x558526cdee10 executing computations on platform Host. Devices:
2020-01-28 10:20:25.000597: I tensorflow/compiler/xla/service/service.cc:175]   StreamExecutor device (0): <undefined>, <undefined>
2020-01-28 10:20:25.016579: I tensorflow/stream_executor/platform/default/dso_loader.cc:42] Successfully opened dynamic library libcuda.so.1
2020-01-28 10:20:25.060327: I tensorflow/core/common_runtime/gpu/gpu_device.cc:1640] Found device 0 with properties: 
name: Tesla K80 major: 3 minor: 7 memoryClockRate(GHz): 0.8235
pciBusID: 0000:08:00.0
2020-01-28 10:20:25.083781: I tensorflow/stream_executor/platform/default/dso_loader.cc:42] Successfully opened dynamic library libcudart.so.10.1
2020-01-28 10:20:25.883032: I tensorflow/stream_executor/platform/default/dso_loader.cc:42] Successfully opened dynamic library libcublas.so.10
2020-01-28 10:20:26.363222: I tensorflow/stream_executor/platform/default/dso_loader.cc:42] Successfully opened dynamic library libcufft.so.10
2020-01-28 10:20:26.487044: I tensorflow/stream_executor/platform/default/dso_loader.cc:42] Successfully opened dynamic library libcurand.so.10
2020-01-28 10:20:27.429320: I tensorflow/stream_executor/platform/default/dso_loader.cc:42] Successfully opened dynamic library libcusolver.so.10
2020-01-28 10:20:27.433544: I tensorflow/stream_executor/platform/default/dso_loader.cc:42] Successfully opened dynamic library libcusparse.so.10
2020-01-28 10:20:29.070056: I tensorflow/stream_executor/platform/default/dso_loader.cc:42] Successfully opened dynamic library libcudnn.so.7
2020-01-28 10:20:29.075221: I tensorflow/core/common_runtime/gpu/gpu_device.cc:1763] Adding visible gpu devices: 0
2020-01-28 10:20:29.075287: I tensorflow/stream_executor/platform/default/dso_loader.cc:42] Successfully opened dynamic library libcudart.so.10.1
2020-01-28 10:20:29.171913: I tensorflow/core/common_runtime/gpu/gpu_device.cc:1181] Device interconnect StreamExecutor with strength 1 edge matrix:
2020-01-28 10:20:29.171976: I tensorflow/core/common_runtime/gpu/gpu_device.cc:1187]      0 
2020-01-28 10:20:29.171995: I tensorflow/core/common_runtime/gpu/gpu_device.cc:1200] 0:   N 
2020-01-28 10:20:29.177636: I tensorflow/core/common_runtime/gpu/gpu_device.cc:1326] Created TensorFlow device (/job:localhost/replica:0/task:0/device:GPU:0 with 10805 MB memory) -> physical GPU (device: 0, name: Tesla K80, pci bus id: 0000:08:00.0, compute capability: 3.7)
2020-01-28 10:20:29.180025: I tensorflow/compiler/xla/service/service.cc:168] XLA service 0x5585277013d0 executing computations on platform CUDA. Devices:
2020-01-28 10:20:29.180058: I tensorflow/compiler/xla/service/service.cc:175]   StreamExecutor device (0): Tesla K80, Compute Capability 3.7
2020-01-28 10:20:29.182976: I tensorflow/core/common_runtime/direct_session.cc:296] Device mapping:
/job:localhost/replica:0/task:0/device:XLA_CPU:0 -> device: XLA_CPU device
/job:localhost/replica:0/task:0/device:GPU:0 -> device: 0, name: Tesla K80, pci bus id: 0000:08:00.0, compute capability: 3.7
/job:localhost/replica:0/task:0/device:XLA_GPU:0 -> device: XLA_GPU device

W0128 10:20:29.186936 139955354576704 deprecation_wrapper.py:119] From function_approx_batch.py:19: The name tf.random_normal is deprecated. Please use tf.random.normal instead.

W0128 10:20:29.220185 139955354576704 deprecation_wrapper.py:119] From function_approx_batch.py:49: The name tf.placeholder is deprecated. Please use tf.compat.v1.placeholder instead.

W0128 10:20:29.229732 139955354576704 deprecation_wrapper.py:119] From function_approx_batch.py:55: The name tf.train.AdamOptimizer is deprecated. Please use tf.compat.v1.train.AdamOptimizer instead.

2020-01-28 10:20:29.432788: I tensorflow/core/common_runtime/placer.cc:54] random_normal/RandomStandardNormal: (RandomStandardNormal)/job:localhost/replica:0/task:0/device:GPU:0
2020-01-28 10:20:29.434091: I tensorflow/core/common_runtime/placer.cc:54] random_normal/mul: (Mul)/job:localhost/replica:0/task:0/device:GPU:0
2020-01-28 10:20:29.434119: I tensorflow/core/common_runtime/placer.cc:54] random_normal: (Add)/job:localhost/replica:0/task:0/device:GPU:0
2020-01-28 10:20:29.434138: I tensorflow/core/common_runtime/placer.cc:54] Variable: (VariableV2)/job:localhost/replica:0/task:0/device:GPU:0
2020-01-28 10:20:29.434154: I tensorflow/core/common_runtime/placer.cc:54] Variable/Assign: (Assign)/job:localhost/replica:0/task:0/device:GPU:0
2020-01-28 10:20:29.434168: I tensorflow/core/common_runtime/placer.cc:54] Variable/read: (Identity)/job:localhost/replica:0/task:0/device:GPU:0
2020-01-28 10:20:29.434186: I tensorflow/core/common_runtime/placer.cc:54] random_normal_1/RandomStandardNormal: (RandomStandardNormal)/job:localhost/replica:0/task:0/device:GPU:0
2020-01-28 10:20:29.434204: I tensorflow/core/common_runtime/placer.cc:54] random_normal_1/mul: (Mul)/job:localhost/replica:0/task:0/device:GPU:0
2020-01-28 10:20:29.434221: I tensorflow/core/common_runtime/placer.cc:54] random_normal_1: (Add)/job:localhost/replica:0/task:0/device:GPU:0
2020-01-28 10:20:29.434237: I tensorflow/core/common_runtime/placer.cc:54] Variable_1: (VariableV2)/job:localhost/replica:0/task:0/device:GPU:0
2020-01-28 10:20:29.434252: I tensorflow/core/common_runtime/placer.cc:54] Variable_1/Assign: (Assign)/job:localhost/replica:0/task:0/device:GPU:0
2020-01-28 10:20:29.434266: I tensorflow/core/common_runtime/placer.cc:54] Variable_1/read: (Identity)/job:localhost/replica:0/task:0/device:GPU:0
2020-01-28 10:20:29.434283: I tensorflow/core/common_runtime/placer.cc:54] random_normal_2/RandomStandardNormal: (RandomStandardNormal)/job:localhost/replica:0/task:0/device:GPU:0
2020-01-28 10:20:29.434301: I tensorflow/core/common_runtime/placer.cc:54] random_normal_2/mul: (Mul)/job:localhost/replica:0/task:0/device:GPU:0
2020-01-28 10:20:29.434318: I tensorflow/core/common_runtime/placer.cc:54] random_normal_2: (Add)/job:localhost/replica:0/task:0/device:GPU:0
2020-01-28 10:20:29.434334: I tensorflow/core/common_runtime/placer.cc:54] Variable_2: (VariableV2)/job:localhost/replica:0/task:0/device:GPU:0
2020-01-28 10:20:29.434349: I tensorflow/core/common_runtime/placer.cc:54] Variable_2/Assign: (Assign)/job:localhost/replica:0/task:0/device:GPU:0
2020-01-28 10:20:29.434362: I tensorflow/core/common_runtime/placer.cc:54] Variable_2/read: (Identity)/job:localhost/replica:0/task:0/device:GPU:0
2020-01-28 10:20:29.434379: I tensorflow/core/common_runtime/placer.cc:54] Variable_3: (VariableV2)/job:localhost/replica:0/task:0/device:GPU:0
2020-01-28 10:20:29.434393: I tensorflow/core/common_runtime/placer.cc:54] Variable_3/Assign: (Assign)/job:localhost/replica:0/task:0/device:GPU:0
2020-01-28 10:20:29.434407: I tensorflow/core/common_runtime/placer.cc:54] Variable_3/read: (Identity)/job:localhost/replica:0/task:0/device:GPU:0
2020-01-28 10:20:29.434423: I tensorflow/core/common_runtime/placer.cc:54] Variable_4: (VariableV2)/job:localhost/replica:0/task:0/device:GPU:0
2020-01-28 10:20:29.434437: I tensorflow/core/common_runtime/placer.cc:54] Variable_4/Assign: (Assign)/job:localhost/replica:0/task:0/device:GPU:0
2020-01-28 10:20:29.434450: I tensorflow/core/common_runtime/placer.cc:54] Variable_4/read: (Identity)/job:localhost/replica:0/task:0/device:GPU:0
2020-01-28 10:20:29.434466: I tensorflow/core/common_runtime/placer.cc:54] Variable_5: (VariableV2)/job:localhost/replica:0/task:0/device:GPU:0
2020-01-28 10:20:29.434481: I tensorflow/core/common_runtime/placer.cc:54] Variable_5/Assign: (Assign)/job:localhost/replica:0/task:0/device:GPU:0
2020-01-28 10:20:29.434494: I tensorflow/core/common_runtime/placer.cc:54] Variable_5/read: (Identity)/job:localhost/replica:0/task:0/device:GPU:0
2020-01-28 10:20:29.434511: I tensorflow/core/common_runtime/placer.cc:54] MatMul: (MatMul)/job:localhost/replica:0/task:0/device:GPU:0
2020-01-28 10:20:29.434528: I tensorflow/core/common_runtime/placer.cc:54] Add: (Add)/job:localhost/replica:0/task:0/device:GPU:0
2020-01-28 10:20:29.434545: I tensorflow/core/common_runtime/placer.cc:54] Tanh: (Tanh)/job:localhost/replica:0/task:0/device:GPU:0
2020-01-28 10:20:29.434562: I tensorflow/core/common_runtime/placer.cc:54] MatMul_1: (MatMul)/job:localhost/replica:0/task:0/device:GPU:0
2020-01-28 10:20:29.434579: I tensorflow/core/common_runtime/placer.cc:54] Add_1: (Add)/job:localhost/replica:0/task:0/device:GPU:0
2020-01-28 10:20:29.434597: I tensorflow/core/common_runtime/placer.cc:54] Tanh_1: (Tanh)/job:localhost/replica:0/task:0/device:GPU:0
2020-01-28 10:20:29.434614: I tensorflow/core/common_runtime/placer.cc:54] MatMul_2: (MatMul)/job:localhost/replica:0/task:0/device:GPU:0
2020-01-28 10:20:29.434630: I tensorflow/core/common_runtime/placer.cc:54] Add_2: (Add)/job:localhost/replica:0/task:0/device:GPU:0
2020-01-28 10:20:29.434647: I tensorflow/core/common_runtime/placer.cc:54] sub: (Sub)/job:localhost/replica:0/task:0/device:GPU:0
2020-01-28 10:20:29.434664: I tensorflow/core/common_runtime/placer.cc:54] Square: (Square)/job:localhost/replica:0/task:0/device:GPU:0
2020-01-28 10:20:29.434681: I tensorflow/core/common_runtime/placer.cc:54] Mean: (Mean)/job:localhost/replica:0/task:0/device:GPU:0
2020-01-28 10:20:29.434699: I tensorflow/core/common_runtime/placer.cc:54] gradients/Fill: (Fill)/job:localhost/replica:0/task:0/device:GPU:0
2020-01-28 10:20:29.434716: I tensorflow/core/common_runtime/placer.cc:54] gradients/Mean_grad/Reshape: (Reshape)/job:localhost/replica:0/task:0/device:GPU:0
2020-01-28 10:20:29.434735: I tensorflow/core/common_runtime/placer.cc:54] gradients/Mean_grad/Shape: (Shape)/job:localhost/replica:0/task:0/device:GPU:0
2020-01-28 10:20:29.434752: I tensorflow/core/common_runtime/placer.cc:54] gradients/Mean_grad/Tile: (Tile)/job:localhost/replica:0/task:0/device:GPU:0
2020-01-28 10:20:29.434770: I tensorflow/core/common_runtime/placer.cc:54] gradients/Mean_grad/Shape_1: (Shape)/job:localhost/replica:0/task:0/device:GPU:0
2020-01-28 10:20:29.434787: I tensorflow/core/common_runtime/placer.cc:54] gradients/Mean_grad/Prod: (Prod)/job:localhost/replica:0/task:0/device:GPU:0
2020-01-28 10:20:29.434815: I tensorflow/core/common_runtime/placer.cc:54] gradients/Mean_grad/Prod_1: (Prod)/job:localhost/replica:0/task:0/device:GPU:0
2020-01-28 10:20:29.435704: I tensorflow/core/common_runtime/placer.cc:54] gradients/Mean_grad/Maximum: (Maximum)/job:localhost/replica:0/task:0/device:GPU:0
2020-01-28 10:20:29.435783: I tensorflow/core/common_runtime/placer.cc:54] gradients/Mean_grad/floordiv: (FloorDiv)/job:localhost/replica:0/task:0/device:GPU:0
2020-01-28 10:20:29.435814: I tensorflow/core/common_runtime/placer.cc:54] gradients/Mean_grad/Cast: (Cast)/job:localhost/replica:0/task:0/device:GPU:0
2020-01-28 10:20:29.435833: I tensorflow/core/common_runtime/placer.cc:54] gradients/Mean_grad/truediv: (RealDiv)/job:localhost/replica:0/task:0/device:GPU:0
2020-01-28 10:20:29.435851: I tensorflow/core/common_runtime/placer.cc:54] gradients/Square_grad/Mul: (Mul)/job:localhost/replica:0/task:0/device:GPU:0
2020-01-28 10:20:29.435868: I tensorflow/core/common_runtime/placer.cc:54] gradients/Square_grad/Mul_1: (Mul)/job:localhost/replica:0/task:0/device:GPU:0
2020-01-28 10:20:29.435886: I tensorflow/core/common_runtime/placer.cc:54] gradients/sub_grad/Shape: (Shape)/job:localhost/replica:0/task:0/device:GPU:0
2020-01-28 10:20:29.435904: I tensorflow/core/common_runtime/placer.cc:54] gradients/sub_grad/Shape_1: (Shape)/job:localhost/replica:0/task:0/device:GPU:0
2020-01-28 10:20:29.435921: I tensorflow/core/common_runtime/placer.cc:54] gradients/sub_grad/BroadcastGradientArgs: (BroadcastGradientArgs)/job:localhost/replica:0/task:0/device:GPU:0
2020-01-28 10:20:29.435939: I tensorflow/core/common_runtime/placer.cc:54] gradients/sub_grad/Sum: (Sum)/job:localhost/replica:0/task:0/device:GPU:0
2020-01-28 10:20:29.435956: I tensorflow/core/common_runtime/placer.cc:54] gradients/sub_grad/Reshape: (Reshape)/job:localhost/replica:0/task:0/device:GPU:0
2020-01-28 10:20:29.435974: I tensorflow/core/common_runtime/placer.cc:54] gradients/sub_grad/Sum_1: (Sum)/job:localhost/replica:0/task:0/device:GPU:0
2020-01-28 10:20:29.435991: I tensorflow/core/common_runtime/placer.cc:54] gradients/sub_grad/Neg: (Neg)/job:localhost/replica:0/task:0/device:GPU:0
2020-01-28 10:20:29.436008: I tensorflow/core/common_runtime/placer.cc:54] gradients/sub_grad/Reshape_1: (Reshape)/job:localhost/replica:0/task:0/device:GPU:0
2020-01-28 10:20:29.436026: I tensorflow/core/common_runtime/placer.cc:54] gradients/sub_grad/tuple/group_deps: (NoOp)/job:localhost/replica:0/task:0/device:GPU:0
2020-01-28 10:20:29.436042: I tensorflow/core/common_runtime/placer.cc:54] gradients/sub_grad/tuple/control_dependency: (Identity)/job:localhost/replica:0/task:0/device:GPU:0
2020-01-28 10:20:29.436056: I tensorflow/core/common_runtime/placer.cc:54] gradients/sub_grad/tuple/control_dependency_1: (Identity)/job:localhost/replica:0/task:0/device:GPU:0
2020-01-28 10:20:29.436074: I tensorflow/core/common_runtime/placer.cc:54] gradients/Add_2_grad/Shape: (Shape)/job:localhost/replica:0/task:0/device:GPU:0
2020-01-28 10:20:29.436091: I tensorflow/core/common_runtime/placer.cc:54] gradients/Add_2_grad/BroadcastGradientArgs: (BroadcastGradientArgs)/job:localhost/replica:0/task:0/device:GPU:0
2020-01-28 10:20:29.436108: I tensorflow/core/common_runtime/placer.cc:54] gradients/Add_2_grad/Sum: (Sum)/job:localhost/replica:0/task:0/device:GPU:0
2020-01-28 10:20:29.436126: I tensorflow/core/common_runtime/placer.cc:54] gradients/Add_2_grad/Reshape: (Reshape)/job:localhost/replica:0/task:0/device:GPU:0
2020-01-28 10:20:29.436143: I tensorflow/core/common_runtime/placer.cc:54] gradients/Add_2_grad/Sum_1: (Sum)/job:localhost/replica:0/task:0/device:GPU:0
2020-01-28 10:20:29.436160: I tensorflow/core/common_runtime/placer.cc:54] gradients/Add_2_grad/Reshape_1: (Reshape)/job:localhost/replica:0/task:0/device:GPU:0
2020-01-28 10:20:29.436177: I tensorflow/core/common_runtime/placer.cc:54] gradients/Add_2_grad/tuple/group_deps: (NoOp)/job:localhost/replica:0/task:0/device:GPU:0
2020-01-28 10:20:29.436192: I tensorflow/core/common_runtime/placer.cc:54] gradients/Add_2_grad/tuple/control_dependency: (Identity)/job:localhost/replica:0/task:0/device:GPU:0
2020-01-28 10:20:29.436206: I tensorflow/core/common_runtime/placer.cc:54] gradients/Add_2_grad/tuple/control_dependency_1: (Identity)/job:localhost/replica:0/task:0/device:GPU:0
2020-01-28 10:20:29.436223: I tensorflow/core/common_runtime/placer.cc:54] gradients/MatMul_2_grad/MatMul: (MatMul)/job:localhost/replica:0/task:0/device:GPU:0
2020-01-28 10:20:29.436240: I tensorflow/core/common_runtime/placer.cc:54] gradients/MatMul_2_grad/MatMul_1: (MatMul)/job:localhost/replica:0/task:0/device:GPU:0
2020-01-28 10:20:29.436258: I tensorflow/core/common_runtime/placer.cc:54] gradients/MatMul_2_grad/tuple/group_deps: (NoOp)/job:localhost/replica:0/task:0/device:GPU:0
2020-01-28 10:20:29.436272: I tensorflow/core/common_runtime/placer.cc:54] gradients/MatMul_2_grad/tuple/control_dependency: (Identity)/job:localhost/replica:0/task:0/device:GPU:0
2020-01-28 10:20:29.436287: I tensorflow/core/common_runtime/placer.cc:54] gradients/MatMul_2_grad/tuple/control_dependency_1: (Identity)/job:localhost/replica:0/task:0/device:GPU:0
2020-01-28 10:20:29.436304: I tensorflow/core/common_runtime/placer.cc:54] gradients/Tanh_1_grad/TanhGrad: (TanhGrad)/job:localhost/replica:0/task:0/device:GPU:0
2020-01-28 10:20:29.436321: I tensorflow/core/common_runtime/placer.cc:54] gradients/Add_1_grad/Shape: (Shape)/job:localhost/replica:0/task:0/device:GPU:0
2020-01-28 10:20:29.436338: I tensorflow/core/common_runtime/placer.cc:54] gradients/Add_1_grad/BroadcastGradientArgs: (BroadcastGradientArgs)/job:localhost/replica:0/task:0/device:GPU:0
2020-01-28 10:20:29.436356: I tensorflow/core/common_runtime/placer.cc:54] gradients/Add_1_grad/Sum: (Sum)/job:localhost/replica:0/task:0/device:GPU:0
2020-01-28 10:20:29.436373: I tensorflow/core/common_runtime/placer.cc:54] gradients/Add_1_grad/Reshape: (Reshape)/job:localhost/replica:0/task:0/device:GPU:0
2020-01-28 10:20:29.436390: I tensorflow/core/common_runtime/placer.cc:54] gradients/Add_1_grad/Sum_1: (Sum)/job:localhost/replica:0/task:0/device:GPU:0
2020-01-28 10:20:29.436407: I tensorflow/core/common_runtime/placer.cc:54] gradients/Add_1_grad/Reshape_1: (Reshape)/job:localhost/replica:0/task:0/device:GPU:0
2020-01-28 10:20:29.436424: I tensorflow/core/common_runtime/placer.cc:54] gradients/Add_1_grad/tuple/group_deps: (NoOp)/job:localhost/replica:0/task:0/device:GPU:0
2020-01-28 10:20:29.436439: I tensorflow/core/common_runtime/placer.cc:54] gradients/Add_1_grad/tuple/control_dependency: (Identity)/job:localhost/replica:0/task:0/device:GPU:0
2020-01-28 10:20:29.436453: I tensorflow/core/common_runtime/placer.cc:54] gradients/Add_1_grad/tuple/control_dependency_1: (Identity)/job:localhost/replica:0/task:0/device:GPU:0
2020-01-28 10:20:29.436471: I tensorflow/core/common_runtime/placer.cc:54] gradients/MatMul_1_grad/MatMul: (MatMul)/job:localhost/replica:0/task:0/device:GPU:0
2020-01-28 10:20:29.436488: I tensorflow/core/common_runtime/placer.cc:54] gradients/MatMul_1_grad/MatMul_1: (MatMul)/job:localhost/replica:0/task:0/device:GPU:0
2020-01-28 10:20:29.436505: I tensorflow/core/common_runtime/placer.cc:54] gradients/MatMul_1_grad/tuple/group_deps: (NoOp)/job:localhost/replica:0/task:0/device:GPU:0
2020-01-28 10:20:29.436519: I tensorflow/core/common_runtime/placer.cc:54] gradients/MatMul_1_grad/tuple/control_dependency: (Identity)/job:localhost/replica:0/task:0/device:GPU:0
2020-01-28 10:20:29.436534: I tensorflow/core/common_runtime/placer.cc:54] gradients/MatMul_1_grad/tuple/control_dependency_1: (Identity)/job:localhost/replica:0/task:0/device:GPU:0
2020-01-28 10:20:29.436551: I tensorflow/core/common_runtime/placer.cc:54] gradients/Tanh_grad/TanhGrad: (TanhGrad)/job:localhost/replica:0/task:0/device:GPU:0
2020-01-28 10:20:29.436568: I tensorflow/core/common_runtime/placer.cc:54] gradients/Add_grad/Shape: (Shape)/job:localhost/replica:0/task:0/device:GPU:0
2020-01-28 10:20:29.436586: I tensorflow/core/common_runtime/placer.cc:54] gradients/Add_grad/BroadcastGradientArgs: (BroadcastGradientArgs)/job:localhost/replica:0/task:0/device:GPU:0
2020-01-28 10:20:29.436603: I tensorflow/core/common_runtime/placer.cc:54] gradients/Add_grad/Sum: (Sum)/job:localhost/replica:0/task:0/device:GPU:0
2020-01-28 10:20:29.436620: I tensorflow/core/common_runtime/placer.cc:54] gradients/Add_grad/Reshape: (Reshape)/job:localhost/replica:0/task:0/device:GPU:0
2020-01-28 10:20:29.436637: I tensorflow/core/common_runtime/placer.cc:54] gradients/Add_grad/Sum_1: (Sum)/job:localhost/replica:0/task:0/device:GPU:0
2020-01-28 10:20:29.436654: I tensorflow/core/common_runtime/placer.cc:54] gradients/Add_grad/Reshape_1: (Reshape)/job:localhost/replica:0/task:0/device:GPU:0
2020-01-28 10:20:29.436671: I tensorflow/core/common_runtime/placer.cc:54] gradients/Add_grad/tuple/group_deps: (NoOp)/job:localhost/replica:0/task:0/device:GPU:0
2020-01-28 10:20:29.436686: I tensorflow/core/common_runtime/placer.cc:54] gradients/Add_grad/tuple/control_dependency: (Identity)/job:localhost/replica:0/task:0/device:GPU:0
2020-01-28 10:20:29.436700: I tensorflow/core/common_runtime/placer.cc:54] gradients/Add_grad/tuple/control_dependency_1: (Identity)/job:localhost/replica:0/task:0/device:GPU:0
2020-01-28 10:20:29.436717: I tensorflow/core/common_runtime/placer.cc:54] gradients/MatMul_grad/MatMul: (MatMul)/job:localhost/replica:0/task:0/device:GPU:0
2020-01-28 10:20:29.436734: I tensorflow/core/common_runtime/placer.cc:54] gradients/MatMul_grad/MatMul_1: (MatMul)/job:localhost/replica:0/task:0/device:GPU:0
2020-01-28 10:20:29.436751: I tensorflow/core/common_runtime/placer.cc:54] gradients/MatMul_grad/tuple/group_deps: (NoOp)/job:localhost/replica:0/task:0/device:GPU:0
2020-01-28 10:20:29.436766: I tensorflow/core/common_runtime/placer.cc:54] gradients/MatMul_grad/tuple/control_dependency: (Identity)/job:localhost/replica:0/task:0/device:GPU:0
2020-01-28 10:20:29.436780: I tensorflow/core/common_runtime/placer.cc:54] gradients/MatMul_grad/tuple/control_dependency_1: (Identity)/job:localhost/replica:0/task:0/device:GPU:0
2020-01-28 10:20:29.436794: I tensorflow/core/common_runtime/placer.cc:54] beta1_power: (VariableV2)/job:localhost/replica:0/task:0/device:GPU:0
2020-01-28 10:20:29.436814: I tensorflow/core/common_runtime/placer.cc:54] beta1_power/Assign: (Assign)/job:localhost/replica:0/task:0/device:GPU:0
2020-01-28 10:20:29.436827: I tensorflow/core/common_runtime/placer.cc:54] beta1_power/read: (Identity)/job:localhost/replica:0/task:0/device:GPU:0
2020-01-28 10:20:29.436841: I tensorflow/core/common_runtime/placer.cc:54] beta2_power: (VariableV2)/job:localhost/replica:0/task:0/device:GPU:0
2020-01-28 10:20:29.436854: I tensorflow/core/common_runtime/placer.cc:54] beta2_power/Assign: (Assign)/job:localhost/replica:0/task:0/device:GPU:0
2020-01-28 10:20:29.436868: I tensorflow/core/common_runtime/placer.cc:54] beta2_power/read: (Identity)/job:localhost/replica:0/task:0/device:GPU:0
2020-01-28 10:20:29.436881: I tensorflow/core/common_runtime/placer.cc:54] Variable/Adam: (VariableV2)/job:localhost/replica:0/task:0/device:GPU:0
2020-01-28 10:20:29.436894: I tensorflow/core/common_runtime/placer.cc:54] Variable/Adam/Assign: (Assign)/job:localhost/replica:0/task:0/device:GPU:0
2020-01-28 10:20:29.436907: I tensorflow/core/common_runtime/placer.cc:54] Variable/Adam/read: (Identity)/job:localhost/replica:0/task:0/device:GPU:0
2020-01-28 10:20:29.436921: I tensorflow/core/common_runtime/placer.cc:54] Variable/Adam_1: (VariableV2)/job:localhost/replica:0/task:0/device:GPU:0
2020-01-28 10:20:29.436934: I tensorflow/core/common_runtime/placer.cc:54] Variable/Adam_1/Assign: (Assign)/job:localhost/replica:0/task:0/device:GPU:0
2020-01-28 10:20:29.436947: I tensorflow/core/common_runtime/placer.cc:54] Variable/Adam_1/read: (Identity)/job:localhost/replica:0/task:0/device:GPU:0
2020-01-28 10:20:29.436960: I tensorflow/core/common_runtime/placer.cc:54] Variable_1/Adam: (VariableV2)/job:localhost/replica:0/task:0/device:GPU:0
2020-01-28 10:20:29.436974: I tensorflow/core/common_runtime/placer.cc:54] Variable_1/Adam/Assign: (Assign)/job:localhost/replica:0/task:0/device:GPU:0
2020-01-28 10:20:29.436987: I tensorflow/core/common_runtime/placer.cc:54] Variable_1/Adam/read: (Identity)/job:localhost/replica:0/task:0/device:GPU:0
2020-01-28 10:20:29.437000: I tensorflow/core/common_runtime/placer.cc:54] Variable_1/Adam_1: (VariableV2)/job:localhost/replica:0/task:0/device:GPU:0
2020-01-28 10:20:29.437013: I tensorflow/core/common_runtime/placer.cc:54] Variable_1/Adam_1/Assign: (Assign)/job:localhost/replica:0/task:0/device:GPU:0
2020-01-28 10:20:29.437027: I tensorflow/core/common_runtime/placer.cc:54] Variable_1/Adam_1/read: (Identity)/job:localhost/replica:0/task:0/device:GPU:0
2020-01-28 10:20:29.437041: I tensorflow/core/common_runtime/placer.cc:54] Variable_2/Adam: (VariableV2)/job:localhost/replica:0/task:0/device:GPU:0
2020-01-28 10:20:29.437054: I tensorflow/core/common_runtime/placer.cc:54] Variable_2/Adam/Assign: (Assign)/job:localhost/replica:0/task:0/device:GPU:0
2020-01-28 10:20:29.437067: I tensorflow/core/common_runtime/placer.cc:54] Variable_2/Adam/read: (Identity)/job:localhost/replica:0/task:0/device:GPU:0
2020-01-28 10:20:29.437081: I tensorflow/core/common_runtime/placer.cc:54] Variable_2/Adam_1: (VariableV2)/job:localhost/replica:0/task:0/device:GPU:0
2020-01-28 10:20:29.437094: I tensorflow/core/common_runtime/placer.cc:54] Variable_2/Adam_1/Assign: (Assign)/job:localhost/replica:0/task:0/device:GPU:0
2020-01-28 10:20:29.437107: I tensorflow/core/common_runtime/placer.cc:54] Variable_2/Adam_1/read: (Identity)/job:localhost/replica:0/task:0/device:GPU:0
2020-01-28 10:20:29.437121: I tensorflow/core/common_runtime/placer.cc:54] Variable_3/Adam: (VariableV2)/job:localhost/replica:0/task:0/device:GPU:0
2020-01-28 10:20:29.437134: I tensorflow/core/common_runtime/placer.cc:54] Variable_3/Adam/Assign: (Assign)/job:localhost/replica:0/task:0/device:GPU:0
2020-01-28 10:20:29.437147: I tensorflow/core/common_runtime/placer.cc:54] Variable_3/Adam/read: (Identity)/job:localhost/replica:0/task:0/device:GPU:0
2020-01-28 10:20:29.437160: I tensorflow/core/common_runtime/placer.cc:54] Variable_3/Adam_1: (VariableV2)/job:localhost/replica:0/task:0/device:GPU:0
2020-01-28 10:20:29.437173: I tensorflow/core/common_runtime/placer.cc:54] Variable_3/Adam_1/Assign: (Assign)/job:localhost/replica:0/task:0/device:GPU:0
2020-01-28 10:20:29.437186: I tensorflow/core/common_runtime/placer.cc:54] Variable_3/Adam_1/read: (Identity)/job:localhost/replica:0/task:0/device:GPU:0
2020-01-28 10:20:29.437200: I tensorflow/core/common_runtime/placer.cc:54] Variable_4/Adam: (VariableV2)/job:localhost/replica:0/task:0/device:GPU:0
2020-01-28 10:20:29.437213: I tensorflow/core/common_runtime/placer.cc:54] Variable_4/Adam/Assign: (Assign)/job:localhost/replica:0/task:0/device:GPU:0
2020-01-28 10:20:29.437226: I tensorflow/core/common_runtime/placer.cc:54] Variable_4/Adam/read: (Identity)/job:localhost/replica:0/task:0/device:GPU:0
2020-01-28 10:20:29.437239: I tensorflow/core/common_runtime/placer.cc:54] Variable_4/Adam_1: (VariableV2)/job:localhost/replica:0/task:0/device:GPU:0
2020-01-28 10:20:29.437252: I tensorflow/core/common_runtime/placer.cc:54] Variable_4/Adam_1/Assign: (Assign)/job:localhost/replica:0/task:0/device:GPU:0
2020-01-28 10:20:29.437265: I tensorflow/core/common_runtime/placer.cc:54] Variable_4/Adam_1/read: (Identity)/job:localhost/replica:0/task:0/device:GPU:0
2020-01-28 10:20:29.437278: I tensorflow/core/common_runtime/placer.cc:54] Variable_5/Adam: (VariableV2)/job:localhost/replica:0/task:0/device:GPU:0
2020-01-28 10:20:29.437292: I tensorflow/core/common_runtime/placer.cc:54] Variable_5/Adam/Assign: (Assign)/job:localhost/replica:0/task:0/device:GPU:0
2020-01-28 10:20:29.437305: I tensorflow/core/common_runtime/placer.cc:54] Variable_5/Adam/read: (Identity)/job:localhost/replica:0/task:0/device:GPU:0
2020-01-28 10:20:29.437318: I tensorflow/core/common_runtime/placer.cc:54] Variable_5/Adam_1: (VariableV2)/job:localhost/replica:0/task:0/device:GPU:0
2020-01-28 10:20:29.437331: I tensorflow/core/common_runtime/placer.cc:54] Variable_5/Adam_1/Assign: (Assign)/job:localhost/replica:0/task:0/device:GPU:0
2020-01-28 10:20:29.437344: I tensorflow/core/common_runtime/placer.cc:54] Variable_5/Adam_1/read: (Identity)/job:localhost/replica:0/task:0/device:GPU:0
2020-01-28 10:20:29.437358: I tensorflow/core/common_runtime/placer.cc:54] Adam/update_Variable/ApplyAdam: (ApplyAdam)/job:localhost/replica:0/task:0/device:GPU:0
2020-01-28 10:20:29.437371: I tensorflow/core/common_runtime/placer.cc:54] Adam/update_Variable_1/ApplyAdam: (ApplyAdam)/job:localhost/replica:0/task:0/device:GPU:0
2020-01-28 10:20:29.437384: I tensorflow/core/common_runtime/placer.cc:54] Adam/update_Variable_2/ApplyAdam: (ApplyAdam)/job:localhost/replica:0/task:0/device:GPU:0
2020-01-28 10:20:29.437397: I tensorflow/core/common_runtime/placer.cc:54] Adam/update_Variable_3/ApplyAdam: (ApplyAdam)/job:localhost/replica:0/task:0/device:GPU:0
2020-01-28 10:20:29.437410: I tensorflow/core/common_runtime/placer.cc:54] Adam/update_Variable_4/ApplyAdam: (ApplyAdam)/job:localhost/replica:0/task:0/device:GPU:0
2020-01-28 10:20:29.437424: I tensorflow/core/common_runtime/placer.cc:54] Adam/update_Variable_5/ApplyAdam: (ApplyAdam)/job:localhost/replica:0/task:0/device:GPU:0
2020-01-28 10:20:29.437437: I tensorflow/core/common_runtime/placer.cc:54] Adam/mul: (Mul)/job:localhost/replica:0/task:0/device:GPU:0
2020-01-28 10:20:29.437450: I tensorflow/core/common_runtime/placer.cc:54] Adam/Assign: (Assign)/job:localhost/replica:0/task:0/device:GPU:0
2020-01-28 10:20:29.437463: I tensorflow/core/common_runtime/placer.cc:54] Adam/mul_1: (Mul)/job:localhost/replica:0/task:0/device:GPU:0
2020-01-28 10:20:29.437476: I tensorflow/core/common_runtime/placer.cc:54] Adam/Assign_1: (Assign)/job:localhost/replica:0/task:0/device:GPU:0
2020-01-28 10:20:29.437494: I tensorflow/core/common_runtime/placer.cc:54] Adam: (NoOp)/job:localhost/replica:0/task:0/device:GPU:0
2020-01-28 10:20:29.437512: I tensorflow/core/common_runtime/placer.cc:54] init: (NoOp)/job:localhost/replica:0/task:0/device:GPU:0
2020-01-28 10:20:29.437530: I tensorflow/core/common_runtime/placer.cc:54] random_normal/shape: (Const)/job:localhost/replica:0/task:0/device:GPU:0
2020-01-28 10:20:29.437547: I tensorflow/core/common_runtime/placer.cc:54] random_normal/mean: (Const)/job:localhost/replica:0/task:0/device:GPU:0
2020-01-28 10:20:29.437565: I tensorflow/core/common_runtime/placer.cc:54] random_normal/stddev: (Const)/job:localhost/replica:0/task:0/device:GPU:0
2020-01-28 10:20:29.437582: I tensorflow/core/common_runtime/placer.cc:54] random_normal_1/shape: (Const)/job:localhost/replica:0/task:0/device:GPU:0
2020-01-28 10:20:29.437599: I tensorflow/core/common_runtime/placer.cc:54] random_normal_1/mean: (Const)/job:localhost/replica:0/task:0/device:GPU:0
2020-01-28 10:20:29.437616: I tensorflow/core/common_runtime/placer.cc:54] random_normal_1/stddev: (Const)/job:localhost/replica:0/task:0/device:GPU:0
2020-01-28 10:20:29.437634: I tensorflow/core/common_runtime/placer.cc:54] random_normal_2/shape: (Const)/job:localhost/replica:0/task:0/device:GPU:0
2020-01-28 10:20:29.437651: I tensorflow/core/common_runtime/placer.cc:54] random_normal_2/mean: (Const)/job:localhost/replica:0/task:0/device:GPU:0
2020-01-28 10:20:29.437668: I tensorflow/core/common_runtime/placer.cc:54] random_normal_2/stddev: (Const)/job:localhost/replica:0/task:0/device:GPU:0
2020-01-28 10:20:29.437685: I tensorflow/core/common_runtime/placer.cc:54] zeros: (Const)/job:localhost/replica:0/task:0/device:GPU:0
2020-01-28 10:20:29.437703: I tensorflow/core/common_runtime/placer.cc:54] zeros_1: (Const)/job:localhost/replica:0/task:0/device:GPU:0
2020-01-28 10:20:29.437720: I tensorflow/core/common_runtime/placer.cc:54] zeros_2: (Const)/job:localhost/replica:0/task:0/device:GPU:0
2020-01-28 10:20:29.437737: I tensorflow/core/common_runtime/placer.cc:54] serial_x: (Placeholder)/job:localhost/replica:0/task:0/device:GPU:0
2020-01-28 10:20:29.437754: I tensorflow/core/common_runtime/placer.cc:54] serial_y: (Placeholder)/job:localhost/replica:0/task:0/device:GPU:0
2020-01-28 10:20:29.437771: I tensorflow/core/common_runtime/placer.cc:54] Const: (Const)/job:localhost/replica:0/task:0/device:GPU:0
2020-01-28 10:20:29.437789: I tensorflow/core/common_runtime/placer.cc:54] gradients/Shape: (Const)/job:localhost/replica:0/task:0/device:GPU:0
2020-01-28 10:20:29.437812: I tensorflow/core/common_runtime/placer.cc:54] gradients/grad_ys_0: (Const)/job:localhost/replica:0/task:0/device:GPU:0
2020-01-28 10:20:29.437830: I tensorflow/core/common_runtime/placer.cc:54] gradients/Mean_grad/Reshape/shape: (Const)/job:localhost/replica:0/task:0/device:GPU:0
2020-01-28 10:20:29.437848: I tensorflow/core/common_runtime/placer.cc:54] gradients/Mean_grad/Shape_2: (Const)/job:localhost/replica:0/task:0/device:GPU:0
2020-01-28 10:20:29.437865: I tensorflow/core/common_runtime/placer.cc:54] gradients/Mean_grad/Const: (Const)/job:localhost/replica:0/task:0/device:GPU:0
2020-01-28 10:20:29.437882: I tensorflow/core/common_runtime/placer.cc:54] gradients/Mean_grad/Const_1: (Const)/job:localhost/replica:0/task:0/device:GPU:0
2020-01-28 10:20:29.437899: I tensorflow/core/common_runtime/placer.cc:54] gradients/Mean_grad/Maximum/y: (Const)/job:localhost/replica:0/task:0/device:GPU:0
2020-01-28 10:20:29.437916: I tensorflow/core/common_runtime/placer.cc:54] gradients/Square_grad/Const: (Const)/job:localhost/replica:0/task:0/device:GPU:0
2020-01-28 10:20:29.437934: I tensorflow/core/common_runtime/placer.cc:54] gradients/Add_2_grad/Shape_1: (Const)/job:localhost/replica:0/task:0/device:GPU:0
2020-01-28 10:20:29.437951: I tensorflow/core/common_runtime/placer.cc:54] gradients/Add_1_grad/Shape_1: (Const)/job:localhost/replica:0/task:0/device:GPU:0
2020-01-28 10:20:29.437968: I tensorflow/core/common_runtime/placer.cc:54] gradients/Add_grad/Shape_1: (Const)/job:localhost/replica:0/task:0/device:GPU:0
2020-01-28 10:20:29.437982: I tensorflow/core/common_runtime/placer.cc:54] beta1_power/initial_value: (Const)/job:localhost/replica:0/task:0/device:GPU:0
2020-01-28 10:20:29.437996: I tensorflow/core/common_runtime/placer.cc:54] beta2_power/initial_value: (Const)/job:localhost/replica:0/task:0/device:GPU:0
2020-01-28 10:20:29.438009: I tensorflow/core/common_runtime/placer.cc:54] Variable/Adam/Initializer/zeros: (Const)/job:localhost/replica:0/task:0/device:GPU:0
2020-01-28 10:20:29.438022: I tensorflow/core/common_runtime/placer.cc:54] Variable/Adam_1/Initializer/zeros: (Const)/job:localhost/replica:0/task:0/device:GPU:0
2020-01-28 10:20:29.438035: I tensorflow/core/common_runtime/placer.cc:54] Variable_1/Adam/Initializer/zeros: (Const)/job:localhost/replica:0/task:0/device:GPU:0
2020-01-28 10:20:29.438049: I tensorflow/core/common_runtime/placer.cc:54] Variable_1/Adam_1/Initializer/zeros: (Const)/job:localhost/replica:0/task:0/device:GPU:0
2020-01-28 10:20:29.438062: I tensorflow/core/common_runtime/placer.cc:54] Variable_2/Adam/Initializer/zeros: (Const)/job:localhost/replica:0/task:0/device:GPU:0
2020-01-28 10:20:29.438075: I tensorflow/core/common_runtime/placer.cc:54] Variable_2/Adam_1/Initializer/zeros: (Const)/job:localhost/replica:0/task:0/device:GPU:0
2020-01-28 10:20:29.438088: I tensorflow/core/common_runtime/placer.cc:54] Variable_3/Adam/Initializer/zeros: (Const)/job:localhost/replica:0/task:0/device:GPU:0
2020-01-28 10:20:29.438101: I tensorflow/core/common_runtime/placer.cc:54] Variable_3/Adam_1/Initializer/zeros: (Const)/job:localhost/replica:0/task:0/device:GPU:0
2020-01-28 10:20:29.438114: I tensorflow/core/common_runtime/placer.cc:54] Variable_4/Adam/Initializer/zeros: (Const)/job:localhost/replica:0/task:0/device:GPU:0
2020-01-28 10:20:29.438128: I tensorflow/core/common_runtime/placer.cc:54] Variable_4/Adam_1/Initializer/zeros: (Const)/job:localhost/replica:0/task:0/device:GPU:0
2020-01-28 10:20:29.438141: I tensorflow/core/common_runtime/placer.cc:54] Variable_5/Adam/Initializer/zeros: (Const)/job:localhost/replica:0/task:0/device:GPU:0
2020-01-28 10:20:29.438154: I tensorflow/core/common_runtime/placer.cc:54] Variable_5/Adam_1/Initializer/zeros: (Const)/job:localhost/replica:0/task:0/device:GPU:0
2020-01-28 10:20:29.438172: I tensorflow/core/common_runtime/placer.cc:54] Adam/learning_rate: (Const)/job:localhost/replica:0/task:0/device:GPU:0
2020-01-28 10:20:29.438189: I tensorflow/core/common_runtime/placer.cc:54] Adam/beta1: (Const)/job:localhost/replica:0/task:0/device:GPU:0
2020-01-28 10:20:29.438207: I tensorflow/core/common_runtime/placer.cc:54] Adam/beta2: (Const)/job:localhost/replica:0/task:0/device:GPU:0
2020-01-28 10:20:29.438224: I tensorflow/core/common_runtime/placer.cc:54] Adam/epsilon: (Const)/job:localhost/replica:0/task:0/device:GPU:0
2020-01-28 10:20:30.176690: I tensorflow/stream_executor/platform/default/dso_loader.cc:42] Successfully opened dynamic library libcublas.so.10
function_approx_batch.py:98: UserWarning: Matplotlib is currently using agg, which is a non-GUI backend, so cannot show the figure.
  plt.show()
function_approx_batch.py:105: UserWarning: Matplotlib is currently using agg, which is a non-GUI backend, so cannot show the figure.
  plt.show()
